-------------------------------------------------------------------------------
Test set: bgu.spl.mics.application.objects.PoseTest
-------------------------------------------------------------------------------
Tests run: 4, Failures: 3, Errors: 0, Skipped: 0, Time elapsed: 0.099 s <<< FAILURE! -- in bgu.spl.mics.application.objects.PoseTest
bgu.spl.mics.application.objects.PoseTest.testStringRepresentation -- Time elapsed: 0.011 s <<< FAILURE!
org.opentest4j.AssertionFailedError: String representation should match the expected format ==> expected: <Pose{x=10.5, y=20.3, yaw=45.0, time=5}> but was: <bgu.spl.mics.application.objects.Pose@223191a6>
	at org.junit.jupiter.api.AssertionFailureBuilder.build(AssertionFailureBuilder.java:151)
	at org.junit.jupiter.api.AssertionFailureBuilder.buildAndThrow(AssertionFailureBuilder.java:132)
	at org.junit.jupiter.api.AssertEquals.failNotEqual(AssertEquals.java:197)
	at org.junit.jupiter.api.AssertEquals.assertEquals(AssertEquals.java:182)
	at org.junit.jupiter.api.Assertions.assertEquals(Assertions.java:1156)
	at bgu.spl.mics.application.objects.PoseTest.testStringRepresentation(PoseTest.java:48)
	at java.base/java.lang.reflect.Method.invoke(Method.java:580)
	at java.base/java.util.ArrayList.forEach(ArrayList.java:1597)
	at java.base/java.util.ArrayList.forEach(ArrayList.java:1597)

bgu.spl.mics.application.objects.PoseTest.testHashCode -- Time elapsed: 0.006 s <<< FAILURE!
org.opentest4j.AssertionFailedError: Hashcodes should match for equal poses ==> expected: <1297978429> but was: <915349526>
	at org.junit.jupiter.api.AssertionFailureBuilder.build(AssertionFailureBuilder.java:151)
	at org.junit.jupiter.api.AssertionFailureBuilder.buildAndThrow(AssertionFailureBuilder.java:132)
	at org.junit.jupiter.api.AssertEquals.failNotEqual(AssertEquals.java:197)
	at org.junit.jupiter.api.AssertEquals.assertEquals(AssertEquals.java:150)
	at org.junit.jupiter.api.Assertions.assertEquals(Assertions.java:563)
	at bgu.spl.mics.application.objects.PoseTest.testHashCode(PoseTest.java:40)
	at java.base/java.lang.reflect.Method.invoke(Method.java:580)
	at java.base/java.util.ArrayList.forEach(ArrayList.java:1597)
	at java.base/java.util.ArrayList.forEach(ArrayList.java:1597)

bgu.spl.mics.application.objects.PoseTest.testEquality -- Time elapsed: 0.003 s <<< FAILURE!
org.opentest4j.AssertionFailedError: Poses with the same attributes should be equal ==> expected: <bgu.spl.mics.application.objects.Pose@7b2bbc3> but was: <bgu.spl.mics.application.objects.Pose@a1153bc>
	at org.junit.jupiter.api.AssertionFailureBuilder.build(AssertionFailureBuilder.java:151)
	at org.junit.jupiter.api.AssertionFailureBuilder.buildAndThrow(AssertionFailureBuilder.java:132)
	at org.junit.jupiter.api.AssertEquals.failNotEqual(AssertEquals.java:197)
	at org.junit.jupiter.api.AssertEquals.assertEquals(AssertEquals.java:182)
	at org.junit.jupiter.api.Assertions.assertEquals(Assertions.java:1156)
	at bgu.spl.mics.application.objects.PoseTest.testEquality(PoseTest.java:30)
	at java.base/java.lang.reflect.Method.invoke(Method.java:580)
	at java.base/java.util.ArrayList.forEach(ArrayList.java:1597)
	at java.base/java.util.ArrayList.forEach(ArrayList.java:1597)

