<?xml version="1.0" encoding="UTF-8"?>
<testsuite xmlns:xsi="http://www.w3.org/2001/XMLSchema-instance" xsi:noNamespaceSchemaLocation="https://maven.apache.org/surefire/maven-surefire-plugin/xsd/surefire-test-report.xsd" version="3.0.2" name="bgu.spl.mics.application.objects.CameraTest" time="0.09" tests="2" errors="0" skipped="0" failures="2">
  <properties>
[...]
</properties>
  <testcase name="testGetDataByTime" classname="bgu.spl.mics.application.objects.CameraTest" time="0.053">
    <failure message="Expected time of 10 for currentTime = 10 ==&gt; expected: &lt;10&gt; but was: &lt;5&gt;" type="org.opentest4j.AssertionFailedError"><![CDATA[org.opentest4j.AssertionFailedError: Expected time of 10 for currentTime = 10 ==> expected: <10> but was: <5>
	at org.junit.jupiter.api.AssertionFailureBuilder.build(AssertionFailureBuilder.java:151)
	at org.junit.jupiter.api.AssertionFailureBuilder.buildAndThrow(AssertionFailureBuilder.java:132)
	at org.junit.jupiter.api.AssertEquals.failNotEqual(AssertEquals.java:197)
	at org.junit.jupiter.api.AssertEquals.assertEquals(AssertEquals.java:150)
	at org.junit.jupiter.api.Assertions.assertEquals(Assertions.java:563)
	at bgu.spl.mics.application.objects.CameraTest.testGetDataByTime(CameraTest.java:41)
	at java.base/java.lang.reflect.Method.invoke(Method.java:580)
	at java.base/java.util.ArrayList.forEach(ArrayList.java:1597)
	at java.base/java.util.ArrayList.forEach(ArrayList.java:1597)
]]></failure>
  </testcase>
  <testcase name="testFetchDataIncorrectTime" classname="bgu.spl.mics.application.objects.CameraTest" time="0.003">
    <failure message="Expected detected objects A, B, C for currentTime = 9 ==&gt; expected: java.util.Arrays$ArrayList@55141def&lt;[DetectedObject{id=&apos;ObjectA&apos;, description=&apos;a&apos;}, DetectedObject{id=&apos;ObjectB&apos;, description=&apos;b&apos;}, DetectedObject{id=&apos;ObjectC&apos;, description=&apos;c&apos;}]&gt; but was: java.util.ArrayList@55182842&lt;[DetectedObject{id=&apos;ObjectA&apos;, description=&apos;a&apos;}, DetectedObject{id=&apos;ObjectB&apos;, description=&apos;b&apos;}, DetectedObject{id=&apos;ObjectC&apos;, description=&apos;c&apos;}]&gt;" type="org.opentest4j.AssertionFailedError"><![CDATA[org.opentest4j.AssertionFailedError: Expected detected objects A, B, C for currentTime = 9 ==> expected: java.util.Arrays$ArrayList@55141def<[DetectedObject{id='ObjectA', description='a'}, DetectedObject{id='ObjectB', description='b'}, DetectedObject{id='ObjectC', description='c'}]> but was: java.util.ArrayList@55182842<[DetectedObject{id='ObjectA', description='a'}, DetectedObject{id='ObjectB', description='b'}, DetectedObject{id='ObjectC', description='c'}]>
	at org.junit.jupiter.api.AssertionFailureBuilder.build(AssertionFailureBuilder.java:151)
	at org.junit.jupiter.api.AssertionFailureBuilder.buildAndThrow(AssertionFailureBuilder.java:132)
	at org.junit.jupiter.api.AssertEquals.failNotEqual(AssertEquals.java:197)
	at org.junit.jupiter.api.AssertEquals.assertEquals(AssertEquals.java:182)
	at org.junit.jupiter.api.Assertions.assertEquals(Assertions.java:1156)
	at bgu.spl.mics.application.objects.CameraTest.testFetchDataIncorrectTime(CameraTest.java:59)
	at java.base/java.lang.reflect.Method.invoke(Method.java:580)
	at java.base/java.util.ArrayList.forEach(ArrayList.java:1597)
	at java.base/java.util.ArrayList.forEach(ArrayList.java:1597)
]]></failure>
  </testcase>
</testsuite>