<?xml version="1.0" encoding="UTF-8"?>
<testsuite xmlns:xsi="http://www.w3.org/2001/XMLSchema-instance" xsi:noNamespaceSchemaLocation="https://maven.apache.org/surefire/maven-surefire-plugin/xsd/surefire-test-report.xsd" version="3.0.2" name="bgu.spl.mics.application.objects.TrackedObjectTest" time="0.076" tests="6" errors="0" skipped="0" failures="1">
  <properties>
[...]
</properties>
  <testcase name="testEmptyCloudPoints" classname="bgu.spl.mics.application.objects.TrackedObjectTest" time="0.032"/>
  <testcase name="testNullCloudPoints" classname="bgu.spl.mics.application.objects.TrackedObjectTest" time="0.008">
    <failure message="Creating a TrackedObject with null cloud points should throw an exception. ==&gt; Expected java.lang.IllegalArgumentException to be thrown, but nothing was thrown." type="org.opentest4j.AssertionFailedError"><![CDATA[org.opentest4j.AssertionFailedError: Creating a TrackedObject with null cloud points should throw an exception. ==> Expected java.lang.IllegalArgumentException to be thrown, but nothing was thrown.
	at org.junit.jupiter.api.AssertionFailureBuilder.build(AssertionFailureBuilder.java:152)
	at org.junit.jupiter.api.AssertThrows.assertThrows(AssertThrows.java:73)
	at org.junit.jupiter.api.AssertThrows.assertThrows(AssertThrows.java:39)
	at org.junit.jupiter.api.Assertions.assertThrows(Assertions.java:3153)
	at bgu.spl.mics.application.objects.TrackedObjectTest.testNullCloudPoints(TrackedObjectTest.java:66)
	at java.base/java.lang.reflect.Method.invoke(Method.java:580)
	at java.base/java.util.ArrayList.forEach(ArrayList.java:1597)
	at java.base/java.util.ArrayList.forEach(ArrayList.java:1597)
]]></failure>
  </testcase>
  <testcase name="testConstructorAndGetters" classname="bgu.spl.mics.application.objects.TrackedObjectTest" time="0.003"/>
  <testcase name="testTimeGetter" classname="bgu.spl.mics.application.objects.TrackedObjectTest" time="0.001"/>
  <testcase name="testModifyDescription" classname="bgu.spl.mics.application.objects.TrackedObjectTest" time="0.0"/>
  <testcase name="testAddCloudPoint" classname="bgu.spl.mics.application.objects.TrackedObjectTest" time="0.002"/>
</testsuite>