<?xml version="1.0" encoding="UTF-8"?>
<testsuite xmlns:xsi="http://www.w3.org/2001/XMLSchema-instance" xsi:noNamespaceSchemaLocation="https://maven.apache.org/surefire/maven-surefire-plugin/xsd/surefire-test-report.xsd" version="3.0.2" name="bgu.spl.mics.application.objects.PoseTest" time="0.099" tests="4" errors="0" skipped="0" failures="3">
  <properties>
[...]
</properties>
  <testcase name="testConstructorAndGetters" classname="bgu.spl.mics.application.objects.PoseTest" time="0.031"/>
  <testcase name="testStringRepresentation" classname="bgu.spl.mics.application.objects.PoseTest" time="0.011">
    <failure message="String representation should match the expected format ==&gt; expected: &lt;Pose{x=10.5, y=20.3, yaw=45.0, time=5}&gt; but was: &lt;bgu.spl.mics.application.objects.Pose@223191a6&gt;" type="org.opentest4j.AssertionFailedError"><![CDATA[org.opentest4j.AssertionFailedError: String representation should match the expected format ==> expected: <Pose{x=10.5, y=20.3, yaw=45.0, time=5}> but was: <bgu.spl.mics.application.objects.Pose@223191a6>
	at org.junit.jupiter.api.AssertionFailureBuilder.build(AssertionFailureBuilder.java:151)
	at org.junit.jupiter.api.AssertionFailureBuilder.buildAndThrow(AssertionFailureBuilder.java:132)
	at org.junit.jupiter.api.AssertEquals.failNotEqual(AssertEquals.java:197)
	at org.junit.jupiter.api.AssertEquals.assertEquals(AssertEquals.java:182)
	at org.junit.jupiter.api.Assertions.assertEquals(Assertions.java:1156)
	at bgu.spl.mics.application.objects.PoseTest.testStringRepresentation(PoseTest.java:48)
	at java.base/java.lang.reflect.Method.invoke(Method.java:580)
	at java.base/java.util.ArrayList.forEach(ArrayList.java:1597)
	at java.base/java.util.ArrayList.forEach(ArrayList.java:1597)
]]></failure>
  </testcase>
  <testcase name="testHashCode" classname="bgu.spl.mics.application.objects.PoseTest" time="0.006">
    <failure message="Hashcodes should match for equal poses ==&gt; expected: &lt;1297978429&gt; but was: &lt;915349526&gt;" type="org.opentest4j.AssertionFailedError"><![CDATA[org.opentest4j.AssertionFailedError: Hashcodes should match for equal poses ==> expected: <1297978429> but was: <915349526>
	at org.junit.jupiter.api.AssertionFailureBuilder.build(AssertionFailureBuilder.java:151)
	at org.junit.jupiter.api.AssertionFailureBuilder.buildAndThrow(AssertionFailureBuilder.java:132)
	at org.junit.jupiter.api.AssertEquals.failNotEqual(AssertEquals.java:197)
	at org.junit.jupiter.api.AssertEquals.assertEquals(AssertEquals.java:150)
	at org.junit.jupiter.api.Assertions.assertEquals(Assertions.java:563)
	at bgu.spl.mics.application.objects.PoseTest.testHashCode(PoseTest.java:40)
	at java.base/java.lang.reflect.Method.invoke(Method.java:580)
	at java.base/java.util.ArrayList.forEach(ArrayList.java:1597)
	at java.base/java.util.ArrayList.forEach(ArrayList.java:1597)
]]></failure>
  </testcase>
  <testcase name="testEquality" classname="bgu.spl.mics.application.objects.PoseTest" time="0.003">
    <failure message="Poses with the same attributes should be equal ==&gt; expected: &lt;bgu.spl.mics.application.objects.Pose@7b2bbc3&gt; but was: &lt;bgu.spl.mics.application.objects.Pose@a1153bc&gt;" type="org.opentest4j.AssertionFailedError"><![CDATA[org.opentest4j.AssertionFailedError: Poses with the same attributes should be equal ==> expected: <bgu.spl.mics.application.objects.Pose@7b2bbc3> but was: <bgu.spl.mics.application.objects.Pose@a1153bc>
	at org.junit.jupiter.api.AssertionFailureBuilder.build(AssertionFailureBuilder.java:151)
	at org.junit.jupiter.api.AssertionFailureBuilder.buildAndThrow(AssertionFailureBuilder.java:132)
	at org.junit.jupiter.api.AssertEquals.failNotEqual(AssertEquals.java:197)
	at org.junit.jupiter.api.AssertEquals.assertEquals(AssertEquals.java:182)
	at org.junit.jupiter.api.Assertions.assertEquals(Assertions.java:1156)
	at bgu.spl.mics.application.objects.PoseTest.testEquality(PoseTest.java:30)
	at java.base/java.lang.reflect.Method.invoke(Method.java:580)
	at java.base/java.util.ArrayList.forEach(ArrayList.java:1597)
	at java.base/java.util.ArrayList.forEach(ArrayList.java:1597)
]]></failure>
  </testcase>
</testsuite>